<?xml version="1.0" encoding="UTF-8"?>
<!-- Generated by org.testng.reporters.JUnitXMLReporter -->
<testsuite ignored="0" hostname="DESKTOP-0U40CAJ" failures="1" tests="4" name="Test" time="0.081" errors="0" timestamp="2022-06-22T11:51:38 IST">
  <testcase classname="testNgListener.PuneTest" name="Swargate" time="0.012">
    <failure type="java.lang.AssertionError" message="null">
      <![CDATA[java.lang.AssertionError: null
at testNgListener.PuneTest.Swargate(PuneTest.java:11)
at java.base/java.util.ArrayList.forEach(ArrayList.java:1541)
... Removed 29 stack frames]]>
    </failure>
  </testcase> <!-- Swargate -->
  <testcase classname="testNgListener.PuneTest" name="shivajiNagar" time="0.002"/>
  <testcase classname="testNgListener.Mumbai" name="Sanpada" time="0.001"/>
  <testcase classname="testNgListener.Mumbai" name="ghanSoli" time="0.001"/>
</testsuite> <!-- Test -->
