<?xml version="1.0" encoding="UTF-8"?>
<!-- Generated by org.testng.reporters.JUnitXMLReporter -->
<testsuite ignored="3" hostname="DESKTOP-0U40CAJ" failures="2" tests="2" name="Test(failed)" time="0.076" errors="0" timestamp="2022-06-14T12:54:59 IST">
  <testcase classname="xmlStudy.MyTest4" name="myMethod1" time="0.01">
    <failure type="java.lang.AssertionError" message="null">
      <![CDATA[java.lang.AssertionError: null
at xmlStudy.MyTest4.myMethod1(MyTest4.java:11)
at java.base/java.util.ArrayList.forEach(ArrayList.java:1541)
... Removed 29 stack frames]]>
    </failure>
  </testcase> <!-- myMethod1 -->
  <testcase classname="xmlStudy.MyTest4" name="myMethod5" time="0.001">
    <failure type="java.lang.AssertionError" message="null">
      <![CDATA[java.lang.AssertionError: null
at xmlStudy.MyTest4.myMethod5(MyTest4.java:33)
at java.base/java.util.ArrayList.forEach(ArrayList.java:1541)
... Removed 29 stack frames]]>
    </failure>
  </testcase> <!-- myMethod5 -->
  <testcase classname="xmlStudy.MyTest4" name="myMethod3" time="0.0">
    <ignored/>
  </testcase> <!-- myMethod3 -->
  <testcase classname="xmlStudy.MyTest4" name="myMethod2" time="0.0">
    <ignored/>
  </testcase> <!-- myMethod2 -->
  <testcase classname="xmlStudy.MyTest4" name="myMethod4" time="0.0">
    <ignored/>
  </testcase> <!-- myMethod4 -->
</testsuite> <!-- Test(failed) -->
